# JRE version: Java(TM) SE Runtime Environment (17.0.10+11) (build 17.0.10+11-LTS-240)
# Java VM: Java HotSpot(TM) 64-Bit Server VM (17.0.10+11-LTS-240, mixed mode, sharing, tiered, compressed oops, compressed class ptrs, g1 gc, windows-amd64)
GC Precious Log:
 CPUs: 8 total, 8 available
 Memory: 7914M
 Large Page Support: Disabled
 NUMA Support: Disabled
 Compressed Oops: Enabled (32-bit)
 Heap Region Size: 1M
 Heap Min Capacity: 8M
 Heap Initial Capacity: 124M
 Heap Max Capacity: 1980M
 Pre-touch: Disabled
 Parallel Workers: 8
 Concurrent Workers: 2
 Concurrent Refinement Workers: 8
 Periodic GC: Disabled
Heap:
 garbage-first heap   total 239616K, used 179876K [0x0000000084400000, 0x0000000100000000)
  region size 1024K, 57 young (58368K), 8 survivors (8192K)
 Metaspace       used 84451K, committed 84864K, reserved 1179648K
  class space    used 8945K, committed 9152K, reserved 1048576K
GC Heap History (20 events):
Event: 56.303 GC heap before
{Heap before GC invocations=32 (full 0):
 garbage-first heap   total 153600K, used 128374K [0x0000000084400000, 0x0000000100000000)
  region size 1024K, 26 young (26624K), 5 survivors (5120K)
 Metaspace       used 68343K, committed 68736K, reserved 1114112K
  class space    used 7549K, committed 7744K, reserved 1048576K
}
Event: 56.325 GC heap after
{Heap after GC invocations=33 (full 0):
 garbage-first heap   total 153600K, used 112192K [0x0000000084400000, 0x0000000100000000)
  region size 1024K, 4 young (4096K), 4 survivors (4096K)
 Metaspace       used 68343K, committed 68736K, reserved 1114112K
  class space    used 7549K, committed 7744K, reserved 1048576K
}
Event: 57.076 GC heap before
{Heap before GC invocations=33 (full 0):
 garbage-first heap   total 153600K, used 128576K [0x0000000084400000, 0x0000000100000000)
  region size 1024K, 20 young (20480K), 4 survivors (4096K)
 Metaspace       used 68703K, committed 69056K, reserved 1114112K
  class space    used 7587K, committed 7744K, reserved 1048576K
}
Event: 57.106 GC heap after
{Heap after GC invocations=34 (full 0):
 garbage-first heap   total 153600K, used 118122K [0x0000000084400000, 0x0000000100000000)
  region size 1024K, 3 young (3072K), 3 survivors (3072K)
 Metaspace       used 68703K, committed 69056K, reserved 1114112K
  class space    used 7587K, committed 7744K, reserved 1048576K
}
Event: 57.933 GC heap before
{Heap before GC invocations=34 (full 0):
 garbage-first heap   total 153600K, used 128362K [0x0000000084400000, 0x0000000100000000)
  region size 1024K, 14 young (14336K), 3 survivors (3072K)
 Metaspace       used 70420K, committed 70848K, reserved 1114112K
  class space    used 7803K, committed 8000K, reserved 1048576K
}
Event: 57.951 GC heap after
{Heap after GC invocations=35 (full 0):
 garbage-first heap   total 153600K, used 120832K [0x0000000084400000, 0x0000000100000000)
  region size 1024K, 2 young (2048K), 2 survivors (2048K)
 Metaspace       used 70420K, committed 70848K, reserved 1114112K
  class space    used 7803K, committed 8000K, reserved 1048576K
}
Event: 58.700 GC heap before
{Heap before GC invocations=36 (full 0):
 garbage-first heap   total 199680K, used 124928K [0x0000000084400000, 0x0000000100000000)
  region size 1024K, 9 young (9216K), 2 survivors (2048K)
 Metaspace       used 71390K, committed 71808K, reserved 1114112K
  class space    used 7867K, committed 8064K, reserved 1048576K
}
Event: 58.708 GC heap after
{Heap after GC invocations=37 (full 0):
 garbage-first heap   total 199680K, used 119638K [0x0000000084400000, 0x0000000100000000)
  region size 1024K, 1 young (1024K), 1 survivors (1024K)
 Metaspace       used 71390K, committed 71808K, reserved 1114112K
  class space    used 7867K, committed 8064K, reserved 1048576K
}
Event: 59.175 GC heap before
{Heap before GC invocations=37 (full 0):
 garbage-first heap   total 199680K, used 127830K [0x0000000084400000, 0x0000000100000000)
  region size 1024K, 9 young (9216K), 1 survivors (1024K)
 Metaspace       used 71706K, committed 72128K, reserved 1114112K
  class space    used 7892K, committed 8064K, reserved 1048576K
}
Event: 59.185 GC heap after
{Heap after GC invocations=38 (full 0):
 garbage-first heap   total 239616K, used 117483K [0x0000000084400000, 0x0000000100000000)
  region size 1024K, 1 young (1024K), 1 survivors (1024K)
 Metaspace       used 71706K, committed 72128K, reserved 1114112K
  class space    used 7892K, committed 8064K, reserved 1048576K
}
Event: 61.507 GC heap before
{Heap before GC invocations=38 (full 0):
 garbage-first heap   total 239616K, used 169707K [0x0000000084400000, 0x0000000100000000)
  region size 1024K, 52 young (53248K), 1 survivors (1024K)
 Metaspace       used 76821K, committed 77248K, reserved 1179648K
  class space    used 8434K, committed 8640K, reserved 1048576K
}
Event: 61.520 GC heap after
{Heap after GC invocations=39 (full 0):
 garbage-first heap   total 239616K, used 121616K [0x0000000084400000, 0x0000000100000000)
  region size 1024K, 5 young (5120K), 5 survivors (5120K)
 Metaspace       used 76821K, committed 77248K, reserved 1179648K
  class space    used 8434K, committed 8640K, reserved 1048576K
}
Event: 63.111 GC heap before
{Heap before GC invocations=39 (full 0):
 garbage-first heap   total 239616K, used 175888K [0x0000000084400000, 0x0000000100000000)
  region size 1024K, 58 young (59392K), 5 survivors (5120K)
 Metaspace       used 78045K, committed 78464K, reserved 1179648K
  class space    used 8518K, committed 8704K, reserved 1048576K
}
Event: 63.129 GC heap after
{Heap after GC invocations=40 (full 0):
 garbage-first heap   total 239616K, used 124039K [0x0000000084400000, 0x0000000100000000)
  region size 1024K, 7 young (7168K), 7 survivors (7168K)
 Metaspace       used 78045K, committed 78464K, reserved 1179648K
  class space    used 8518K, committed 8704K, reserved 1048576K
}
Event: 64.214 GC heap before
{Heap before GC invocations=40 (full 0):
 garbage-first heap   total 239616K, used 181383K [0x0000000084400000, 0x0000000100000000)
  region size 1024K, 63 young (64512K), 7 survivors (7168K)
 Metaspace       used 78404K, committed 78784K, reserved 1179648K
  class space    used 8539K, committed 8704K, reserved 1048576K
}
Event: 64.232 GC heap after
{Heap after GC invocations=41 (full 0):
 garbage-first heap   total 239616K, used 125880K [0x0000000084400000, 0x0000000100000000)
  region size 1024K, 5 young (5120K), 5 survivors (5120K)
 Metaspace       used 78404K, committed 78784K, reserved 1179648K
  class space    used 8539K, committed 8704K, reserved 1048576K
}
Event: 66.031 GC heap before
{Heap before GC invocations=41 (full 0):
 garbage-first heap   total 239616K, used 188344K [0x0000000084400000, 0x0000000100000000)
  region size 1024K, 66 young (67584K), 5 survivors (5120K)
 Metaspace       used 78927K, committed 79296K, reserved 1179648K
  class space    used 8571K, committed 8768K, reserved 1048576K
}
Event: 66.045 GC heap after
{Heap after GC invocations=42 (full 0):
 garbage-first heap   total 239616K, used 127412K [0x0000000084400000, 0x0000000100000000)
  region size 1024K, 6 young (6144K), 6 survivors (6144K)
 Metaspace       used 78927K, committed 79296K, reserved 1179648K
  class space    used 8571K, committed 8768K, reserved 1048576K
}
Event: 68.973 GC heap before
{Heap before GC invocations=42 (full 0):
 garbage-first heap   total 239616K, used 192948K [0x0000000084400000, 0x0000000100000000)
  region size 1024K, 70 young (71680K), 6 survivors (6144K)
 Metaspace       used 83652K, committed 84032K, reserved 1179648K
  class space    used 8922K, committed 9088K, reserved 1048576K
}
Event: 69.006 GC heap after
{Heap after GC invocations=43 (full 0):
 garbage-first heap   total 239616K, used 130724K [0x0000000084400000, 0x0000000100000000)
  region size 1024K, 8 young (8192K), 8 survivors (8192K)
 Metaspace       used 83652K, committed 84032K, reserved 1179648K
  class space    used 8922K, committed 9088K, reserved 1048576K
}

